cl : command line warning D9035: option 'Gm' has been deprecated and will be removed in a future release
  vector3D.cpp
D:\Education\Sem 6\WZR\labs\wzr23_1b\vector3D.cpp(7,29): warning C4305: 'initializing': truncation from 'double' to 'float'
D:\Education\Sem 6\WZR\labs\wzr23_1b\vector3D.cpp(101,10): warning C4244: 'initializing': conversion from 'double' to 'float', possible loss of data
D:\Education\Sem 6\WZR\labs\wzr23_1b\vector3D.cpp(101,35): warning C4244: 'initializing': conversion from 'double' to 'float', possible loss of data
D:\Education\Sem 6\WZR\labs\wzr23_1b\vector3D.cpp(121,10): warning C4244: 'initializing': conversion from 'double' to 'float', possible loss of data
D:\Education\Sem 6\WZR\labs\wzr23_1b\vector3D.cpp(134,13): warning C4244: 'return': conversion from 'double' to 'float', possible loss of data
D:\Education\Sem 6\WZR\labs\wzr23_1b\vector3D.cpp(164,14): warning C4244: 'initializing': conversion from 'double' to 'float', possible loss of data
  net.cpp
D:\Education\Sem 6\WZR\labs\wzr23_1b\net.cpp(47,16): warning C4996: 'inet_addr': Use inet_pton() or InetPton() instead or define _WINSOCK_DEPRECATED_NO_WARNINGS to disable deprecated API warnings
D:\Education\Sem 6\WZR\labs\wzr23_1b\net.cpp(189,32): warning C4996: 'inet_addr': Use inet_pton() or InetPton() instead or define _WINSOCK_DEPRECATED_NO_WARNINGS to disable deprecated API warnings
  objects.cpp
D:\Education\Sem 6\WZR\labs\wzr23_1b\objects.cpp(37,14): warning C4305: '=': truncation from 'double' to 'float'
D:\Education\Sem 6\WZR\labs\wzr23_1b\objects.cpp(40,22): warning C4305: '=': truncation from 'double' to 'float'
D:\Education\Sem 6\WZR\labs\wzr23_1b\objects.cpp(48,63): warning C4305: 'argument': truncation from 'double' to 'float'
D:\Education\Sem 6\WZR\labs\wzr23_1b\objects.cpp(75,28): warning C4305: 'initializing': truncation from 'double' to 'float'
D:\Education\Sem 6\WZR\labs\wzr23_1b\objects.cpp(77,16): warning C4305: 'initializing': truncation from 'double' to 'float'
D:\Education\Sem 6\WZR\labs\wzr23_1b\objects.cpp(78,11): warning C4244: 'initializing': conversion from 'double' to 'float', possible loss of data
D:\Education\Sem 6\WZR\labs\wzr23_1b\objects.cpp(117,80): warning C4305: '=': truncation from 'double' to 'float'
D:\Education\Sem 6\WZR\labs\wzr23_1b\objects.cpp(118,82): warning C4305: '=': truncation from 'double' to 'float'
D:\Education\Sem 6\WZR\labs\wzr23_1b\objects.cpp(127,13): warning C4244: 'initializing': conversion from 'double' to 'float', possible loss of data
D:\Education\Sem 6\WZR\labs\wzr23_1b\objects.cpp(128,36): warning C4244: '=': conversion from 'double' to 'float', possible loss of data
D:\Education\Sem 6\WZR\labs\wzr23_1b\objects.cpp(130,65): warning C4244: 'argument': conversion from 'int' to 'float', possible loss of data
D:\Education\Sem 6\WZR\labs\wzr23_1b\objects.cpp(146,24): warning C4244: 'initializing': conversion from 'double' to 'float', possible loss of data
D:\Education\Sem 6\WZR\labs\wzr23_1b\objects.cpp(206,48): warning C4305: 'argument': truncation from 'double' to 'float'
D:\Education\Sem 6\WZR\labs\wzr23_1b\objects.cpp(228,19): warning C4244: '=': conversion from 'double' to 'float', possible loss of data
D:\Education\Sem 6\WZR\labs\wzr23_1b\objects.cpp(291,29): warning C4244: 'argument': conversion from 'double' to 'GLfloat', possible loss of data
D:\Education\Sem 6\WZR\labs\wzr23_1b\objects.cpp(299,27): warning C4305: 'argument': truncation from 'double' to 'GLfloat'
D:\Education\Sem 6\WZR\labs\wzr23_1b\objects.cpp(372,83): warning C4244: 'argument': conversion from 'double' to 'float', possible loss of data
D:\Education\Sem 6\WZR\labs\wzr23_1b\objects.cpp(372,31): warning C4244: 'argument': conversion from 'double' to 'float', possible loss of data
D:\Education\Sem 6\WZR\labs\wzr23_1b\objects.cpp(405,83): warning C4244: 'argument': conversion from 'double' to 'float', possible loss of data
D:\Education\Sem 6\WZR\labs\wzr23_1b\objects.cpp(405,31): warning C4244: 'argument': conversion from 'double' to 'float', possible loss of data
D:\Education\Sem 6\WZR\labs\wzr23_1b\objects.cpp(472,13): warning C4996: 'fopen': This function or variable may be unsafe. Consider using fopen_s instead. To disable deprecation, use _CRT_SECURE_NO_WARNINGS. See online help for details.
D:\Education\Sem 6\WZR\labs\wzr23_1b\objects.cpp(483,4): warning C4996: 'sscanf': This function or variable may be unsafe. Consider using sscanf_s instead. To disable deprecation, use _CRT_SECURE_NO_WARNINGS. See online help for details.
D:\Education\Sem 6\WZR\labs\wzr23_1b\objects.cpp(494,6): warning C4996: 'sscanf': This function or variable may be unsafe. Consider using sscanf_s instead. To disable deprecation, use _CRT_SECURE_NO_WARNINGS. See online help for details.
D:\Education\Sem 6\WZR\labs\wzr23_1b\objects.cpp(499,6): warning C4996: 'sscanf': This function or variable may be unsafe. Consider using sscanf_s instead. To disable deprecation, use _CRT_SECURE_NO_WARNINGS. See online help for details.
D:\Education\Sem 6\WZR\labs\wzr23_1b\objects.cpp(505,6): warning C4996: 'sscanf': This function or variable may be unsafe. Consider using sscanf_s instead. To disable deprecation, use _CRT_SECURE_NO_WARNINGS. See online help for details.
D:\Education\Sem 6\WZR\labs\wzr23_1b\objects.cpp(518,7): warning C4996: 'sscanf': This function or variable may be unsafe. Consider using sscanf_s instead. To disable deprecation, use _CRT_SECURE_NO_WARNINGS. See online help for details.
  quaternion.cpp
D:\Education\Sem 6\WZR\labs\wzr23_1b\quaternion.cpp(64,41): warning C4244: 'argument': conversion from 'double' to 'float', possible loss of data
D:\Education\Sem 6\WZR\labs\wzr23_1b\quaternion.cpp(96,15): warning C4244: '=': conversion from 'double' to 'float', possible loss of data
D:\Education\Sem 6\WZR\labs\wzr23_1b\quaternion.cpp(103,13): warning C4244: 'return': conversion from 'double' to 'float', possible loss of data
  graphics.cpp
D:\Education\Sem 6\WZR\labs\wzr23_1b\graphics.cpp(57,44): warning C4305: 'argument': truncation from 'double' to 'float'
D:\Education\Sem 6\WZR\labs\wzr23_1b\graphics.cpp(142,14): warning C4244: 'initializing': conversion from 'double' to 'float', possible loss of data
D:\Education\Sem 6\WZR\labs\wzr23_1b\graphics.cpp(147,16): warning C4244: 'initializing': conversion from 'double' to 'float', possible loss of data
D:\Education\Sem 6\WZR\labs\wzr23_1b\graphics.cpp(148,41): warning C4244: 'initializing': conversion from 'double' to 'float', possible loss of data
D:\Education\Sem 6\WZR\labs\wzr23_1b\graphics.cpp(149,21): warning C4244: 'initializing': conversion from 'double' to 'float', possible loss of data
D:\Education\Sem 6\WZR\labs\wzr23_1b\graphics.cpp(151,23): warning C4244: 'initializing': conversion from 'double' to 'float', possible loss of data
D:\Education\Sem 6\WZR\labs\wzr23_1b\graphics.cpp(152,139): warning C4305: 'argument': truncation from 'double' to 'GLclampf'
D:\Education\Sem 6\WZR\labs\wzr23_1b\graphics.cpp(152,117): warning C4244: 'argument': conversion from 'double' to 'GLclampf', possible loss of data
D:\Education\Sem 6\WZR\labs\wzr23_1b\graphics.cpp(152,87): warning C4244: 'argument': conversion from 'double' to 'GLclampf', possible loss of data
D:\Education\Sem 6\WZR\labs\wzr23_1b\graphics.cpp(152,45): warning C4244: 'argument': conversion from 'double' to 'GLclampf', possible loss of data
D:\Education\Sem 6\WZR\labs\wzr23_1b\graphics.cpp(153,28): warning C4838: conversion from 'double' to 'GLfloat' requires a narrowing conversion
D:\Education\Sem 6\WZR\labs\wzr23_1b\graphics.cpp(153,28): warning C4244: 'initializing': conversion from 'double' to 'GLfloat', possible loss of data
D:\Education\Sem 6\WZR\labs\wzr23_1b\graphics.cpp(153,56): warning C4838: conversion from 'double' to 'GLfloat' requires a narrowing conversion
D:\Education\Sem 6\WZR\labs\wzr23_1b\graphics.cpp(153,56): warning C4244: 'initializing': conversion from 'double' to 'GLfloat', possible loss of data
D:\Education\Sem 6\WZR\labs\wzr23_1b\graphics.cpp(153,90): warning C4838: conversion from 'double' to 'GLfloat' requires a narrowing conversion
D:\Education\Sem 6\WZR\labs\wzr23_1b\graphics.cpp(153,90): warning C4244: 'initializing': conversion from 'double' to 'GLfloat', possible loss of data
D:\Education\Sem 6\WZR\labs\wzr23_1b\graphics.cpp(156,56): warning C4244: 'argument': conversion from 'double' to 'GLfloat', possible loss of data
D:\Education\Sem 6\WZR\labs\wzr23_1b\graphics.cpp(156,30): warning C4244: 'argument': conversion from 'double' to 'GLfloat', possible loss of data
D:\Education\Sem 6\WZR\labs\wzr23_1b\graphics.cpp(156,16): warning C4244: 'argument': conversion from 'double' to 'GLfloat', possible loss of data
D:\Education\Sem 6\WZR\labs\wzr23_1b\graphics.cpp(163,33): warning C4838: conversion from 'double' to 'GLfloat' requires a narrowing conversion
D:\Education\Sem 6\WZR\labs\wzr23_1b\graphics.cpp(163,33): warning C4244: 'initializing': conversion from 'double' to 'GLfloat', possible loss of data
D:\Education\Sem 6\WZR\labs\wzr23_1b\graphics.cpp(163,63): warning C4838: conversion from 'double' to 'GLfloat' requires a narrowing conversion
D:\Education\Sem 6\WZR\labs\wzr23_1b\graphics.cpp(163,63): warning C4244: 'initializing': conversion from 'double' to 'GLfloat', possible loss of data
D:\Education\Sem 6\WZR\labs\wzr23_1b\graphics.cpp(163,93): warning C4838: conversion from 'double' to 'GLfloat' requires a narrowing conversion
D:\Education\Sem 6\WZR\labs\wzr23_1b\graphics.cpp(163,93): warning C4244: 'initializing': conversion from 'double' to 'GLfloat', possible loss of data
D:\Education\Sem 6\WZR\labs\wzr23_1b\graphics.cpp(352,2): warning C4996: 'vsprintf': This function or variable may be unsafe. Consider using vsprintf_s instead. To disable deprecation, use _CRT_SECURE_NO_WARNINGS. See online help for details.
D:\Education\Sem 6\WZR\labs\wzr23_1b\graphics.cpp(393,22): warning C4305: 'argument': truncation from 'double' to 'GLfloat'
D:\Education\Sem 6\WZR\labs\wzr23_1b\graphics.cpp(394,22): warning C4305: 'argument': truncation from 'double' to 'GLfloat'
D:\Education\Sem 6\WZR\labs\wzr23_1b\graphics.cpp(396,22): warning C4305: 'argument': truncation from 'double' to 'GLfloat'
D:\Education\Sem 6\WZR\labs\wzr23_1b\graphics.cpp(397,24): warning C4305: 'argument': truncation from 'double' to 'GLfloat'
D:\Education\Sem 6\WZR\labs\wzr23_1b\graphics.cpp(403,22): warning C4305: 'argument': truncation from 'double' to 'GLfloat'
D:\Education\Sem 6\WZR\labs\wzr23_1b\graphics.cpp(404,22): warning C4305: 'argument': truncation from 'double' to 'GLfloat'
D:\Education\Sem 6\WZR\labs\wzr23_1b\graphics.cpp(407,22): warning C4305: 'argument': truncation from 'double' to 'GLfloat'
D:\Education\Sem 6\WZR\labs\wzr23_1b\graphics.cpp(410,24): warning C4305: 'argument': truncation from 'double' to 'GLfloat'
D:\Education\Sem 6\WZR\labs\wzr23_1b\graphics.cpp(415,22): warning C4305: 'argument': truncation from 'double' to 'GLfloat'
D:\Education\Sem 6\WZR\labs\wzr23_1b\graphics.cpp(416,22): warning C4305: 'argument': truncation from 'double' to 'GLfloat'
D:\Education\Sem 6\WZR\labs\wzr23_1b\graphics.cpp(418,24): warning C4305: 'argument': truncation from 'double' to 'GLfloat'
D:\Education\Sem 6\WZR\labs\wzr23_1b\graphics.cpp(419,24): warning C4305: 'argument': truncation from 'double' to 'GLfloat'
D:\Education\Sem 6\WZR\labs\wzr23_1b\graphics.cpp(430,24): warning C4305: 'argument': truncation from 'double' to 'GLfloat'
D:\Education\Sem 6\WZR\labs\wzr23_1b\graphics.cpp(431,24): warning C4305: 'argument': truncation from 'double' to 'GLfloat'
D:\Education\Sem 6\WZR\labs\wzr23_1b\graphics.cpp(432,22): warning C4305: 'argument': truncation from 'double' to 'GLfloat'
D:\Education\Sem 6\WZR\labs\wzr23_1b\graphics.cpp(433,22): warning C4305: 'argument': truncation from 'double' to 'GLfloat'
  main.cpp
D:\Education\Sem 6\WZR\labs\wzr23_1b\main.cpp(20,11): warning C4996: 'fopen': This function or variable may be unsafe. Consider using fopen_s instead. To disable deprecation, use _CRT_SECURE_NO_WARNINGS. See online help for details.
D:\Education\Sem 6\WZR\labs\wzr23_1b\main.cpp(145,39): warning C4244: '=': conversion from 'double' to 'float', possible loss of data
D:\Education\Sem 6\WZR\labs\wzr23_1b\main.cpp(147,3): warning C4996: 'sprintf': This function or variable may be unsafe. Consider using sprintf_s instead. To disable deprecation, use _CRT_SECURE_NO_WARNINGS. See online help for details.
D:\Education\Sem 6\WZR\labs\wzr23_1b\main.cpp(365,50): warning C4244: '=': conversion from 'double' to 'float', possible loss of data
D:\Education\Sem 6\WZR\labs\wzr23_1b\main.cpp(428,63): warning C4305: '/=': truncation from 'double' to 'float'
D:\Education\Sem 6\WZR\labs\wzr23_1b\main.cpp(435,61): warning C4305: '*=': truncation from 'double' to 'float'
D:\Education\Sem 6\WZR\labs\wzr23_1b\main.cpp(461,37): warning C4305: '+=': truncation from 'double' to 'float'
D:\Education\Sem 6\WZR\labs\wzr23_1b\main.cpp(466,37): warning C4305: '-=': truncation from 'double' to 'float'
D:\Education\Sem 6\WZR\labs\wzr23_1b\main.cpp(487,23): warning C4305: '/=': truncation from 'double' to 'float'
D:\Education\Sem 6\WZR\labs\wzr23_1b\main.cpp(495,23): warning C4305: '*=': truncation from 'double' to 'float'
D:\Education\Sem 6\WZR\labs\wzr23_1b\main.cpp(506,4): warning C4996: 'strcpy': This function or variable may be unsafe. Consider using strcpy_s instead. To disable deprecation, use _CRT_SECURE_NO_WARNINGS. See online help for details.
D:\Education\Sem 6\WZR\labs\wzr23_1b\main.cpp(507,4): warning C4996: 'strcat': This function or variable may be unsafe. Consider using strcat_s instead. To disable deprecation, use _CRT_SECURE_NO_WARNINGS. See online help for details.
D:\Education\Sem 6\WZR\labs\wzr23_1b\main.cpp(508,4): warning C4996: 'strcat': This function or variable may be unsafe. Consider using strcat_s instead. To disable deprecation, use _CRT_SECURE_NO_WARNINGS. See online help for details.
D:\Education\Sem 6\WZR\labs\wzr23_1b\main.cpp(512,5): warning C4996: 'strcpy': This function or variable may be unsafe. Consider using strcpy_s instead. To disable deprecation, use _CRT_SECURE_NO_WARNINGS. See online help for details.
D:\Education\Sem 6\WZR\labs\wzr23_1b\main.cpp(513,5): warning C4996: 'strcat': This function or variable may be unsafe. Consider using strcat_s instead. To disable deprecation, use _CRT_SECURE_NO_WARNINGS. See online help for details.
D:\Education\Sem 6\WZR\labs\wzr23_1b\main.cpp(514,5): warning C4996: 'strcat': This function or variable may be unsafe. Consider using strcat_s instead. To disable deprecation, use _CRT_SECURE_NO_WARNINGS. See online help for details.
D:\Education\Sem 6\WZR\labs\wzr23_1b\main.cpp(520,6): warning C4996: 'strcat': This function or variable may be unsafe. Consider using strcat_s instead. To disable deprecation, use _CRT_SECURE_NO_WARNINGS. See online help for details.
  Generating Code...
D:\Education\Sem 6\WZR\labs\wzr23_1b\main.cpp(588): warning C4715: 'WndProc': not all control paths return a value
D:\Education\Sem 6\WZR\labs\wzr23_1b\graphics.cpp(74): warning C4715: 'GraphicsInitialisation': not all control paths return a value
D:\Education\Sem 6\WZR\labs\wzr23_1b\net.cpp(194): warning C4715: 'unicast_net::send': not all control paths return a value
D:\Education\Sem 6\WZR\labs\wzr23_1b\net.cpp(203): warning C4715: 'unicast_net::send': not all control paths return a value
D:\Education\Sem 6\WZR\labs\wzr23_1b\net.cpp(218): warning C4715: 'unicast_net::reciv': not all control paths return a value
main.obj : warning LNK4075: ignoring '/EDITANDCONTINUE' due to '/SAFESEH' specification
  wzr_vis.vcxproj -> D:\Education\Sem 6\WZR\labs\wzr23_1b\Debug\wzr_vis.exe
