cl : wiersz polecenia warning D9035: Opcja "Gm" jest przestarzała i będzie usunięta w przyszłych wydaniach
  vector3D.cpp
C:\Users\student\Downloads\wzr23_3b\vector3D.cpp(7,29): warning C4305: "inicjowanie": obcięcie z "double" do "float"
C:\Users\student\Downloads\wzr23_3b\vector3D.cpp(100,10): warning C4244: "inicjowanie": konwersja z "double" do "float", możliwa utrata danych
C:\Users\student\Downloads\wzr23_3b\vector3D.cpp(100,32): warning C4244: "inicjowanie": konwersja z "double" do "float", możliwa utrata danych
C:\Users\student\Downloads\wzr23_3b\vector3D.cpp(120,10): warning C4244: "inicjowanie": konwersja z "double" do "float", możliwa utrata danych
C:\Users\student\Downloads\wzr23_3b\vector3D.cpp(133,13): warning C4244: "return": konwersja z "double" do "float", możliwa utrata danych
C:\Users\student\Downloads\wzr23_3b\vector3D.cpp(163,14): warning C4244: "inicjowanie": konwersja z "double" do "float", możliwa utrata danych
C:\Users\student\Downloads\wzr23_3b\vector3D.cpp(185,14): warning C4244: "inicjowanie": konwersja z "double" do "float", możliwa utrata danych
  net.cpp
C:\Users\student\Downloads\wzr23_3b\net.cpp(112,24): warning C4305: "argument": obcięcie z "double" do "float"
C:\Users\student\Downloads\wzr23_3b\net.cpp(99,16): warning C4996: 'inet_addr': Use inet_pton() or InetPton() instead or define _WINSOCK_DEPRECATED_NO_WARNINGS to disable deprecated API warnings
C:\Users\student\Downloads\wzr23_3b\net.cpp(233,15): warning C4244: "inicjowanie": konwersja z "double" do "float", możliwa utrata danych
C:\Users\student\Downloads\wzr23_3b\net.cpp(326,32): warning C4996: 'inet_addr': Use inet_pton() or InetPton() instead or define _WINSOCK_DEPRECATED_NO_WARNINGS to disable deprecated API warnings
  objects.cpp
C:\Users\student\Downloads\wzr23_3b\objects.cpp(40,15): warning C4244: "=": konwersja z "double" do "float", możliwa utrata danych
C:\Users\student\Downloads\wzr23_3b\objects.cpp(44,14): warning C4305: "=": obcięcie z "double" do "float"
C:\Users\student\Downloads\wzr23_3b\objects.cpp(47,22): warning C4305: "=": obcięcie z "double" do "float"
C:\Users\student\Downloads\wzr23_3b\objects.cpp(51,22): warning C4305: "=": obcięcie z "double" do "float"
C:\Users\student\Downloads\wzr23_3b\objects.cpp(52,23): warning C4305: "=": obcięcie z "double" do "float"
C:\Users\student\Downloads\wzr23_3b\objects.cpp(54,33): warning C4305: "=": obcięcie z "double" do "float"
C:\Users\student\Downloads\wzr23_3b\objects.cpp(62,63): warning C4305: "argument": obcięcie z "double" do "float"
C:\Users\student\Downloads\wzr23_3b\objects.cpp(87,16): warning C4305: "inicjowanie": obcięcie z "double" do "float"
C:\Users\student\Downloads\wzr23_3b\objects.cpp(88,11): warning C4244: "inicjowanie": konwersja z "double" do "float", możliwa utrata danych
C:\Users\student\Downloads\wzr23_3b\objects.cpp(141,13): warning C4244: "inicjowanie": konwersja z "double" do "float", możliwa utrata danych
C:\Users\student\Downloads\wzr23_3b\objects.cpp(142,36): warning C4244: "=": konwersja z "double" do "float", możliwa utrata danych
C:\Users\student\Downloads\wzr23_3b\objects.cpp(144,62): warning C4244: "argument": konwersja z "int" do "float", możliwa utrata danych
C:\Users\student\Downloads\wzr23_3b\objects.cpp(160,24): warning C4244: "inicjowanie": konwersja z "double" do "float", możliwa utrata danych
C:\Users\student\Downloads\wzr23_3b\objects.cpp(221,48): warning C4305: "argument": obcięcie z "double" do "float"
C:\Users\student\Downloads\wzr23_3b\objects.cpp(243,19): warning C4244: "=": konwersja z "double" do "float", możliwa utrata danych
C:\Users\student\Downloads\wzr23_3b\objects.cpp(301,44): warning C4244: "argument": konwersja z "int" do "float", możliwa utrata danych
C:\Users\student\Downloads\wzr23_3b\objects.cpp(301,36): warning C4244: "argument": konwersja z "int" do "float", możliwa utrata danych
C:\Users\student\Downloads\wzr23_3b\objects.cpp(301,28): warning C4244: "argument": konwersja z "int" do "float", możliwa utrata danych
C:\Users\student\Downloads\wzr23_3b\objects.cpp(317,29): warning C4244: "argument": konwersja z "double" do "GLfloat", możliwa utrata danych
C:\Users\student\Downloads\wzr23_3b\objects.cpp(325,27): warning C4305: "argument": obcięcie z "double" do "GLfloat"
C:\Users\student\Downloads\wzr23_3b\objects.cpp(398,83): warning C4244: "argument": konwersja z "double" do "float", możliwa utrata danych
C:\Users\student\Downloads\wzr23_3b\objects.cpp(398,31): warning C4244: "argument": konwersja z "double" do "float", możliwa utrata danych
C:\Users\student\Downloads\wzr23_3b\objects.cpp(431,83): warning C4244: "argument": konwersja z "double" do "float", możliwa utrata danych
C:\Users\student\Downloads\wzr23_3b\objects.cpp(431,31): warning C4244: "argument": konwersja z "double" do "float", możliwa utrata danych
C:\Users\student\Downloads\wzr23_3b\objects.cpp(498,13): warning C4996: 'fopen': This function or variable may be unsafe. Consider using fopen_s instead. To disable deprecation, use _CRT_SECURE_NO_WARNINGS. See online help for details.
C:\Users\student\Downloads\wzr23_3b\objects.cpp(509,4): warning C4996: 'sscanf': This function or variable may be unsafe. Consider using sscanf_s instead. To disable deprecation, use _CRT_SECURE_NO_WARNINGS. See online help for details.
C:\Users\student\Downloads\wzr23_3b\objects.cpp(520,6): warning C4996: 'sscanf': This function or variable may be unsafe. Consider using sscanf_s instead. To disable deprecation, use _CRT_SECURE_NO_WARNINGS. See online help for details.
C:\Users\student\Downloads\wzr23_3b\objects.cpp(525,6): warning C4996: 'sscanf': This function or variable may be unsafe. Consider using sscanf_s instead. To disable deprecation, use _CRT_SECURE_NO_WARNINGS. See online help for details.
C:\Users\student\Downloads\wzr23_3b\objects.cpp(531,6): warning C4996: 'sscanf': This function or variable may be unsafe. Consider using sscanf_s instead. To disable deprecation, use _CRT_SECURE_NO_WARNINGS. See online help for details.
C:\Users\student\Downloads\wzr23_3b\objects.cpp(544,7): warning C4996: 'sscanf': This function or variable may be unsafe. Consider using sscanf_s instead. To disable deprecation, use _CRT_SECURE_NO_WARNINGS. See online help for details.
C:\Users\student\Downloads\wzr23_3b\objects.cpp(584,14): warning C4244: "inicjowanie": konwersja z "double" do "float", możliwa utrata danych
C:\Users\student\Downloads\wzr23_3b\objects.cpp(585,17): warning C4244: "=": konwersja z "double" do "float", możliwa utrata danych
C:\Users\student\Downloads\wzr23_3b\objects.cpp(602,13): warning C4244: "return": konwersja z "double" do "float", możliwa utrata danych
  quaternion.cpp
C:\Users\student\Downloads\wzr23_3b\quaternion.cpp(62,41): warning C4244: "argument": konwersja z "double" do "float", możliwa utrata danych
C:\Users\student\Downloads\wzr23_3b\quaternion.cpp(94,15): warning C4244: "=": konwersja z "double" do "float", możliwa utrata danych
C:\Users\student\Downloads\wzr23_3b\quaternion.cpp(101,13): warning C4244: "return": konwersja z "double" do "float", możliwa utrata danych
  graphics.cpp
C:\Users\student\Downloads\wzr23_3b\graphics.cpp(57,52): warning C4305: "argument": obcięcie z "double" do "float"
C:\Users\student\Downloads\wzr23_3b\graphics.cpp(142,14): warning C4244: "inicjowanie": konwersja z "double" do "float", możliwa utrata danych
C:\Users\student\Downloads\wzr23_3b\graphics.cpp(147,16): warning C4244: "inicjowanie": konwersja z "double" do "float", możliwa utrata danych
C:\Users\student\Downloads\wzr23_3b\graphics.cpp(148,41): warning C4244: "inicjowanie": konwersja z "double" do "float", możliwa utrata danych
C:\Users\student\Downloads\wzr23_3b\graphics.cpp(149,21): warning C4244: "inicjowanie": konwersja z "double" do "float", możliwa utrata danych
C:\Users\student\Downloads\wzr23_3b\graphics.cpp(151,23): warning C4244: "inicjowanie": konwersja z "double" do "float", możliwa utrata danych
C:\Users\student\Downloads\wzr23_3b\graphics.cpp(152,117): warning C4244: "argument": konwersja z "double" do "GLclampf", możliwa utrata danych
C:\Users\student\Downloads\wzr23_3b\graphics.cpp(152,87): warning C4244: "argument": konwersja z "double" do "GLclampf", możliwa utrata danych
C:\Users\student\Downloads\wzr23_3b\graphics.cpp(152,45): warning C4244: "argument": konwersja z "double" do "GLclampf", możliwa utrata danych
C:\Users\student\Downloads\wzr23_3b\graphics.cpp(153,28): warning C4838: konwersja z „double” do „GLfloat” wymaga konwersji zawężającej
C:\Users\student\Downloads\wzr23_3b\graphics.cpp(153,28): warning C4244: "inicjowanie": konwersja z "double" do "GLfloat", możliwa utrata danych
C:\Users\student\Downloads\wzr23_3b\graphics.cpp(153,56): warning C4838: konwersja z „double” do „GLfloat” wymaga konwersji zawężającej
C:\Users\student\Downloads\wzr23_3b\graphics.cpp(153,56): warning C4244: "inicjowanie": konwersja z "double" do "GLfloat", możliwa utrata danych
C:\Users\student\Downloads\wzr23_3b\graphics.cpp(153,90): warning C4838: konwersja z „double” do „GLfloat” wymaga konwersji zawężającej
C:\Users\student\Downloads\wzr23_3b\graphics.cpp(153,90): warning C4244: "inicjowanie": konwersja z "double" do "GLfloat", możliwa utrata danych
C:\Users\student\Downloads\wzr23_3b\graphics.cpp(156,56): warning C4244: "argument": konwersja z "double" do "GLfloat", możliwa utrata danych
C:\Users\student\Downloads\wzr23_3b\graphics.cpp(156,30): warning C4244: "argument": konwersja z "double" do "GLfloat", możliwa utrata danych
C:\Users\student\Downloads\wzr23_3b\graphics.cpp(156,16): warning C4244: "argument": konwersja z "double" do "GLfloat", możliwa utrata danych
C:\Users\student\Downloads\wzr23_3b\graphics.cpp(163,33): warning C4838: konwersja z „double” do „GLfloat” wymaga konwersji zawężającej
C:\Users\student\Downloads\wzr23_3b\graphics.cpp(163,33): warning C4244: "inicjowanie": konwersja z "double" do "GLfloat", możliwa utrata danych
C:\Users\student\Downloads\wzr23_3b\graphics.cpp(163,63): warning C4838: konwersja z „double” do „GLfloat” wymaga konwersji zawężającej
C:\Users\student\Downloads\wzr23_3b\graphics.cpp(163,63): warning C4244: "inicjowanie": konwersja z "double" do "GLfloat", możliwa utrata danych
C:\Users\student\Downloads\wzr23_3b\graphics.cpp(163,93): warning C4838: konwersja z „double” do „GLfloat” wymaga konwersji zawężającej
C:\Users\student\Downloads\wzr23_3b\graphics.cpp(163,93): warning C4244: "inicjowanie": konwersja z "double" do "GLfloat", możliwa utrata danych
C:\Users\student\Downloads\wzr23_3b\graphics.cpp(356,2): warning C4996: 'vsprintf': This function or variable may be unsafe. Consider using vsprintf_s instead. To disable deprecation, use _CRT_SECURE_NO_WARNINGS. See online help for details.
C:\Users\student\Downloads\wzr23_3b\graphics.cpp(397,22): warning C4305: "argument": obcięcie z "double" do "GLfloat"
C:\Users\student\Downloads\wzr23_3b\graphics.cpp(398,22): warning C4305: "argument": obcięcie z "double" do "GLfloat"
C:\Users\student\Downloads\wzr23_3b\graphics.cpp(400,22): warning C4305: "argument": obcięcie z "double" do "GLfloat"
C:\Users\student\Downloads\wzr23_3b\graphics.cpp(401,24): warning C4305: "argument": obcięcie z "double" do "GLfloat"
C:\Users\student\Downloads\wzr23_3b\graphics.cpp(407,22): warning C4305: "argument": obcięcie z "double" do "GLfloat"
C:\Users\student\Downloads\wzr23_3b\graphics.cpp(408,22): warning C4305: "argument": obcięcie z "double" do "GLfloat"
C:\Users\student\Downloads\wzr23_3b\graphics.cpp(411,22): warning C4305: "argument": obcięcie z "double" do "GLfloat"
C:\Users\student\Downloads\wzr23_3b\graphics.cpp(414,24): warning C4305: "argument": obcięcie z "double" do "GLfloat"
C:\Users\student\Downloads\wzr23_3b\graphics.cpp(419,22): warning C4305: "argument": obcięcie z "double" do "GLfloat"
C:\Users\student\Downloads\wzr23_3b\graphics.cpp(420,22): warning C4305: "argument": obcięcie z "double" do "GLfloat"
C:\Users\student\Downloads\wzr23_3b\graphics.cpp(422,24): warning C4305: "argument": obcięcie z "double" do "GLfloat"
C:\Users\student\Downloads\wzr23_3b\graphics.cpp(423,24): warning C4305: "argument": obcięcie z "double" do "GLfloat"
C:\Users\student\Downloads\wzr23_3b\graphics.cpp(434,24): warning C4305: "argument": obcięcie z "double" do "GLfloat"
C:\Users\student\Downloads\wzr23_3b\graphics.cpp(435,24): warning C4305: "argument": obcięcie z "double" do "GLfloat"
C:\Users\student\Downloads\wzr23_3b\graphics.cpp(436,22): warning C4305: "argument": obcięcie z "double" do "GLfloat"
C:\Users\student\Downloads\wzr23_3b\graphics.cpp(437,22): warning C4305: "argument": obcięcie z "double" do "GLfloat"
  main.cpp
C:\Users\student\Downloads\wzr23_3b\main.cpp(28,11): warning C4996: 'fopen': This function or variable may be unsafe. Consider using fopen_s instead. To disable deprecation, use _CRT_SECURE_NO_WARNINGS. See online help for details.
C:\Users\student\Downloads\wzr23_3b\main.cpp(158,28): warning C4244: "=": konwersja z "double" do "float", możliwa utrata danych
C:\Users\student\Downloads\wzr23_3b\main.cpp(160,3): warning C4996: 'sprintf': This function or variable may be unsafe. Consider using sprintf_s instead. To disable deprecation, use _CRT_SECURE_NO_WARNINGS. See online help for details.
C:\Users\student\Downloads\wzr23_3b\main.cpp(192,4): warning C4996: 'sprintf': This function or variable may be unsafe. Consider using sprintf_s instead. To disable deprecation, use _CRT_SECURE_NO_WARNINGS. See online help for details.
C:\Users\student\Downloads\wzr23_3b\main.cpp(510,79): warning C4305: "/=": obcięcie z "double" do "float"
C:\Users\student\Downloads\wzr23_3b\main.cpp(517,77): warning C4305: "*=": obcięcie z "double" do "float"
C:\Users\student\Downloads\wzr23_3b\main.cpp(543,45): warning C4305: "+=": obcięcie z "double" do "float"
C:\Users\student\Downloads\wzr23_3b\main.cpp(548,45): warning C4305: "-=": obcięcie z "double" do "float"
C:\Users\student\Downloads\wzr23_3b\main.cpp(569,31): warning C4305: "/=": obcięcie z "double" do "float"
C:\Users\student\Downloads\wzr23_3b\main.cpp(577,31): warning C4305: "*=": obcięcie z "double" do "float"
C:\Users\student\Downloads\wzr23_3b\main.cpp(588,4): warning C4996: 'strcpy': This function or variable may be unsafe. Consider using strcpy_s instead. To disable deprecation, use _CRT_SECURE_NO_WARNINGS. See online help for details.
C:\Users\student\Downloads\wzr23_3b\main.cpp(589,4): warning C4996: 'strcat': This function or variable may be unsafe. Consider using strcat_s instead. To disable deprecation, use _CRT_SECURE_NO_WARNINGS. See online help for details.
C:\Users\student\Downloads\wzr23_3b\main.cpp(590,4): warning C4996: 'strcat': This function or variable may be unsafe. Consider using strcat_s instead. To disable deprecation, use _CRT_SECURE_NO_WARNINGS. See online help for details.
C:\Users\student\Downloads\wzr23_3b\main.cpp(594,5): warning C4996: 'strcpy': This function or variable may be unsafe. Consider using strcpy_s instead. To disable deprecation, use _CRT_SECURE_NO_WARNINGS. See online help for details.
C:\Users\student\Downloads\wzr23_3b\main.cpp(595,5): warning C4996: 'strcat': This function or variable may be unsafe. Consider using strcat_s instead. To disable deprecation, use _CRT_SECURE_NO_WARNINGS. See online help for details.
C:\Users\student\Downloads\wzr23_3b\main.cpp(596,5): warning C4996: 'strcat': This function or variable may be unsafe. Consider using strcat_s instead. To disable deprecation, use _CRT_SECURE_NO_WARNINGS. See online help for details.
C:\Users\student\Downloads\wzr23_3b\main.cpp(602,6): warning C4996: 'strcat': This function or variable may be unsafe. Consider using strcat_s instead. To disable deprecation, use _CRT_SECURE_NO_WARNINGS. See online help for details.
  Generowanie kodu...
C:\Users\student\Downloads\wzr23_3b\main.cpp(670): warning C4715: "WndProc”: niewszystkie ścieżki kodu zwracają wartość
C:\Users\student\Downloads\wzr23_3b\graphics.cpp(74): warning C4715: "GraphicsInitialisation”: niewszystkie ścieżki kodu zwracają wartość
C:\Users\student\Downloads\wzr23_3b\net.cpp(331): warning C4715: "unicast_net::send”: niewszystkie ścieżki kodu zwracają wartość
C:\Users\student\Downloads\wzr23_3b\net.cpp(340): warning C4715: "unicast_net::send”: niewszystkie ścieżki kodu zwracają wartość
C:\Users\student\Downloads\wzr23_3b\net.cpp(355): warning C4715: "unicast_net::reciv”: niewszystkie ścieżki kodu zwracają wartość
main.obj : warning LNK4075: zignorowano opcję „/EDITANDCONTINUE” z powodu określenia opcji „/SAFESEH”
  wzr_vis.vcxproj -> C:\Users\student\Downloads\wzr23_3b\Debug\wzr_vis.exe
